<?xml version="1.0" encoding="UTF-8"?>
<testsuite xmlns:xsi="http://www.w3.org/2001/XMLSchema-instance" xsi:noNamespaceSchemaLocation="https://maven.apache.org/surefire/maven-surefire-plugin/xsd/surefire-test-report.xsd" name="br.com.mp.product.api.ProductResourceTest" time="2.508" tests="1" errors="1" skipped="0" failures="0">
  <properties>
    <property name="sun.desktop" value="gnome"/>
    <property name="awt.toolkit" value="sun.awt.X11.XToolkit"/>
    <property name="java.specification.version" value="11"/>
    <property name="sun.cpu.isalist" value=""/>
    <property name="sun.jnu.encoding" value="UTF-8"/>
    <property name="java.class.path" value="/home/jonathan/PROJETOS/quarkus-no-heroku/quarkus-product-master/target/test-classes:/home/jonathan/PROJETOS/quarkus-no-heroku/quarkus-product-master/target/classes:/home/jonathan/.m2/repository/io/quarkus/quarkus-resteasy/1.4.2.Final/quarkus-resteasy-1.4.2.Final.jar:/home/jonathan/.m2/repository/io/quarkus/quarkus-vertx-http/1.4.2.Final/quarkus-vertx-http-1.4.2.Final.jar:/home/jonathan/.m2/repository/io/quarkus/quarkus-development-mode-spi/1.4.2.Final/quarkus-development-mode-spi-1.4.2.Final.jar:/home/jonathan/.m2/repository/io/quarkus/security/quarkus-security/1.1.0.Final/quarkus-security-1.1.0.Final.jar:/home/jonathan/.m2/repository/io/smallrye/reactive/mutiny/0.4.4/mutiny-0.4.4.jar:/home/jonathan/.m2/repository/org/reactivestreams/reactive-streams/1.0.3/reactive-streams-1.0.3.jar:/home/jonathan/.m2/repository/jakarta/enterprise/jakarta.enterprise.cdi-api/2.0.2/jakarta.enterprise.cdi-api-2.0.2.jar:/home/jonathan/.m2/repository/jakarta/el/jakarta.el-api/3.0.3/jakarta.el-api-3.0.3.jar:/home/jonathan/.m2/repository/jakarta/interceptor/jakarta.interceptor-api/1.2.5/jakarta.interceptor-api-1.2.5.jar:/home/jonathan/.m2/repository/io/quarkus/quarkus-vertx-core/1.4.2.Final/quarkus-vertx-core-1.4.2.Final.jar:/home/jonathan/.m2/repository/io/quarkus/quarkus-netty/1.4.2.Final/quarkus-netty-1.4.2.Final.jar:/home/jonathan/.m2/repository/io/netty/netty-codec/4.1.45.Final/netty-codec-4.1.45.Final.jar:/home/jonathan/.m2/repository/io/netty/netty-handler/4.1.45.Final/netty-handler-4.1.45.Final.jar:/home/jonathan/.m2/repository/io/vertx/vertx-core/3.8.5/vertx-core-3.8.5.jar:/home/jonathan/.m2/repository/io/netty/netty-common/4.1.45.Final/netty-common-4.1.45.Final.jar:/home/jonathan/.m2/repository/io/netty/netty-buffer/4.1.45.Final/netty-buffer-4.1.45.Final.jar:/home/jonathan/.m2/repository/io/netty/netty-transport/4.1.45.Final/netty-transport-4.1.45.Final.jar:/home/jonathan/.m2/repository/io/netty/netty-handler-proxy/4.1.45.Final/netty-handler-proxy-4.1.45.Final.jar:/home/jonathan/.m2/repository/io/netty/netty-codec-socks/4.1.45.Final/netty-codec-socks-4.1.45.Final.jar:/home/jonathan/.m2/repository/io/netty/netty-codec-http/4.1.45.Final/netty-codec-http-4.1.45.Final.jar:/home/jonathan/.m2/repository/io/netty/netty-codec-http2/4.1.45.Final/netty-codec-http2-4.1.45.Final.jar:/home/jonathan/.m2/repository/io/netty/netty-resolver/4.1.45.Final/netty-resolver-4.1.45.Final.jar:/home/jonathan/.m2/repository/io/netty/netty-resolver-dns/4.1.45.Final/netty-resolver-dns-4.1.45.Final.jar:/home/jonathan/.m2/repository/io/netty/netty-codec-dns/4.1.45.Final/netty-codec-dns-4.1.45.Final.jar:/home/jonathan/.m2/repository/com/fasterxml/jackson/core/jackson-core/2.10.3/jackson-core-2.10.3.jar:/home/jonathan/.m2/repository/io/vertx/vertx-web/3.8.5/vertx-web-3.8.5.jar:/home/jonathan/.m2/repository/io/vertx/vertx-web-common/3.8.5/vertx-web-common-3.8.5.jar:/home/jonathan/.m2/repository/io/vertx/vertx-auth-common/3.8.5/vertx-auth-common-3.8.5.jar:/home/jonathan/.m2/repository/io/vertx/vertx-bridge-common/3.8.5/vertx-bridge-common-3.8.5.jar:/home/jonathan/.m2/repository/io/quarkus/quarkus-resteasy-server-common/1.4.2.Final/quarkus-resteasy-server-common-1.4.2.Final.jar:/home/jonathan/.m2/repository/io/quarkus/quarkus-resteasy-common/1.4.2.Final/quarkus-resteasy-common-1.4.2.Final.jar:/home/jonathan/.m2/repository/org/jboss/resteasy/resteasy-core/4.5.3.Final/resteasy-core-4.5.3.Final.jar:/home/jonathan/.m2/repository/org/jboss/spec/javax/ws/rs/jboss-jaxrs-api_2.1_spec/2.0.1.Final/jboss-jaxrs-api_2.1_spec-2.0.1.Final.jar:/home/jonathan/.m2/repository/org/jboss/resteasy/resteasy-core-spi/4.5.3.Final/resteasy-core-spi-4.5.3.Final.jar:/home/jonathan/.m2/repository/org/eclipse/microprofile/config/microprofile-config-api/1.4/microprofile-config-api-1.4.jar:/home/jonathan/.m2/repository/com/sun/activation/jakarta.activation/1.2.1/jakarta.activation-1.2.1.jar:/home/jonathan/.m2/repository/jakarta/validation/jakarta.validation-api/2.0.2/jakarta.validation-api-2.0.2.jar:/home/jonathan/.m2/repository/io/quarkus/quarkus-hibernate-orm-panache/1.4.2.Final/quarkus-hibernate-orm-panache-1.4.2.Final.jar:/home/jonathan/.m2/repository/io/quarkus/quarkus-core/1.4.2.Final/quarkus-core-1.4.2.Final.jar:/home/jonathan/.m2/repository/jakarta/annotation/jakarta.annotation-api/1.3.5/jakarta.annotation-api-1.3.5.jar:/home/jonathan/.m2/repository/jakarta/inject/jakarta.inject-api/1.0/jakarta.inject-api-1.0.jar:/home/jonathan/.m2/repository/io/quarkus/quarkus-ide-launcher/1.4.2.Final/quarkus-ide-launcher-1.4.2.Final.jar:/home/jonathan/.m2/repository/io/smallrye/config/smallrye-config/1.7.0/smallrye-config-1.7.0.jar:/home/jonathan/.m2/repository/io/smallrye/config/smallrye-config-common/1.7.0/smallrye-config-common-1.7.0.jar:/home/jonathan/.m2/repository/org/jboss/logging/jboss-logging/3.3.2.Final/jboss-logging-3.3.2.Final.jar:/home/jonathan/.m2/repository/org/jboss/logmanager/jboss-logmanager-embedded/1.0.4/jboss-logmanager-embedded-1.0.4.jar:/home/jonathan/.m2/repository/org/jboss/logging/jboss-logging-annotations/2.1.0.Final/jboss-logging-annotations-2.1.0.Final.jar:/home/jonathan/.m2/repository/org/jboss/threads/jboss-threads/3.1.1.Final/jboss-threads-3.1.1.Final.jar:/home/jonathan/.m2/repository/org/slf4j/slf4j-api/1.7.30/slf4j-api-1.7.30.jar:/home/jonathan/.m2/repository/org/jboss/slf4j/slf4j-jboss-logging/1.2.0.Final/slf4j-jboss-logging-1.2.0.Final.jar:/home/jonathan/.m2/repository/org/graalvm/sdk/graal-sdk/19.3.1/graal-sdk-19.3.1.jar:/home/jonathan/.m2/repository/org/wildfly/common/wildfly-common/1.5.4.Final-format-001/wildfly-common-1.5.4.Final-format-001.jar:/home/jonathan/.m2/repository/io/quarkus/quarkus-hibernate-orm/1.4.2.Final/quarkus-hibernate-orm-1.4.2.Final.jar:/home/jonathan/.m2/repository/io/quarkus/quarkus-agroal/1.4.2.Final/quarkus-agroal-1.4.2.Final.jar:/home/jonathan/.m2/repository/io/quarkus/quarkus-datasource/1.4.2.Final/quarkus-datasource-1.4.2.Final.jar:/home/jonathan/.m2/repository/io/quarkus/quarkus-datasource-common/1.4.2.Final/quarkus-datasource-common-1.4.2.Final.jar:/home/jonathan/.m2/repository/org/jboss/narayana/jta/narayana-jta/5.10.4.Final/narayana-jta-5.10.4.Final.jar:/home/jonathan/.m2/repository/org/jboss/jboss-transaction-spi/7.6.0.Final/jboss-transaction-spi-7.6.0.Final.jar:/home/jonathan/.m2/repository/org/jboss/spec/javax/resource/jboss-connector-api_1.7_spec/1.0.0.Final/jboss-connector-api_1.7_spec-1.0.0.Final.jar:/home/jonathan/.m2/repository/org/jboss/narayana/jts/narayana-jts-integration/5.10.4.Final/narayana-jts-integration-5.10.4.Final.jar:/home/jonathan/.m2/repository/io/agroal/agroal-api/1.7/agroal-api-1.7.jar:/home/jonathan/.m2/repository/io/agroal/agroal-narayana/1.7/agroal-narayana-1.7.jar:/home/jonathan/.m2/repository/io/agroal/agroal-pool/1.7/agroal-pool-1.7.jar:/home/jonathan/.m2/repository/io/quarkus/quarkus-vault-spi/1.4.2.Final/quarkus-vault-spi-1.4.2.Final.jar:/home/jonathan/.m2/repository/io/quarkus/quarkus-narayana-jta/1.4.2.Final/quarkus-narayana-jta-1.4.2.Final.jar:/home/jonathan/.m2/repository/io/smallrye/reactive/smallrye-reactive-streams-operators/1.0.10/smallrye-reactive-streams-operators-1.0.10.jar:/home/jonathan/.m2/repository/org/eclipse/microprofile/reactive-streams-operators/microprofile-reactive-streams-operators-api/1.0.1/microprofile-reactive-streams-operators-api-1.0.1.jar:/home/jonathan/.m2/repository/org/eclipse/microprofile/reactive-streams-operators/microprofile-reactive-streams-operators-core/1.0.1/microprofile-reactive-streams-operators-core-1.0.1.jar:/home/jonathan/.m2/repository/io/reactivex/rxjava2/rxjava/2.2.19/rxjava-2.2.19.jar:/home/jonathan/.m2/repository/io/smallrye/smallrye-context-propagation-jta/1.0.11/smallrye-context-propagation-jta-1.0.11.jar:/home/jonathan/.m2/repository/io/smallrye/reactive/smallrye-reactive-converter-api/1.0.10/smallrye-reactive-converter-api-1.0.10.jar:/home/jonathan/.m2/repository/org/hibernate/hibernate-core/5.4.14.Final/hibernate-core-5.4.14.Final.jar:/home/jonathan/.m2/repository/net/bytebuddy/byte-buddy/1.10.7/byte-buddy-1.10.7.jar:/home/jonathan/.m2/repository/antlr/antlr/2.7.7/antlr-2.7.7.jar:/home/jonathan/.m2/repository/org/dom4j/dom4j/2.1.1/dom4j-2.1.1.jar:/home/jonathan/.m2/repository/org/hibernate/common/hibernate-commons-annotations/5.1.0.Final/hibernate-commons-annotations-5.1.0.Final.jar:/home/jonathan/.m2/repository/org/hibernate/hibernate-graalvm/5.4.14.Final/hibernate-graalvm-5.4.14.Final.jar:/home/jonathan/.m2/repository/org/glassfish/jaxb/jaxb-runtime/2.3.3-b02/jaxb-runtime-2.3.3-b02.jar:/home/jonathan/.m2/repository/org/glassfish/jaxb/txw2/2.3.3-b02/txw2-2.3.3-b02.jar:/home/jonathan/.m2/repository/com/sun/istack/istack-commons-runtime/3.0.10/istack-commons-runtime-3.0.10.jar:/home/jonathan/.m2/repository/org/jboss/spec/javax/xml/bind/jboss-jaxb-api_2.3_spec/2.0.0.Final/jboss-jaxb-api_2.3_spec-2.0.0.Final.jar:/home/jonathan/.m2/repository/jakarta/persistence/jakarta.persistence-api/2.2.3/jakarta.persistence-api-2.2.3.jar:/home/jonathan/.m2/repository/jakarta/transaction/jakarta.transaction-api/1.3.3/jakarta.transaction-api-1.3.3.jar:/home/jonathan/.m2/repository/org/hibernate/quarkus-local-cache/0.1.0/quarkus-local-cache-0.1.0.jar:/home/jonathan/.m2/repository/com/github/ben-manes/caffeine/caffeine/2.8.0/caffeine-2.8.0.jar:/home/jonathan/.m2/repository/com/google/errorprone/error_prone_annotations/2.2.0/error_prone_annotations-2.2.0.jar:/home/jonathan/.m2/repository/io/quarkus/quarkus-caffeine/1.4.2.Final/quarkus-caffeine-1.4.2.Final.jar:/home/jonathan/.m2/repository/io/quarkus/quarkus-arc/1.4.2.Final/quarkus-arc-1.4.2.Final.jar:/home/jonathan/.m2/repository/io/quarkus/arc/arc/1.4.2.Final/arc-1.4.2.Final.jar:/home/jonathan/.m2/repository/org/eclipse/microprofile/context-propagation/microprofile-context-propagation-api/1.0.1/microprofile-context-propagation-api-1.0.1.jar:/home/jonathan/.m2/repository/io/quarkus/quarkus-panache-common/1.4.2.Final/quarkus-panache-common-1.4.2.Final.jar:/home/jonathan/.m2/repository/io/quarkus/quarkus-hibernate-validator/1.4.2.Final/quarkus-hibernate-validator-1.4.2.Final.jar:/home/jonathan/.m2/repository/org/hibernate/validator/hibernate-validator/6.1.4.Final/hibernate-validator-6.1.4.Final.jar:/home/jonathan/.m2/repository/com/fasterxml/classmate/1.3.4/classmate-1.3.4.jar:/home/jonathan/.m2/repository/org/glassfish/jakarta.el/3.0.3/jakarta.el-3.0.3.jar:/home/jonathan/.m2/repository/io/quarkus/quarkus-jdbc-postgresql/1.4.2.Final/quarkus-jdbc-postgresql-1.4.2.Final.jar:/home/jonathan/.m2/repository/org/postgresql/postgresql/42.2.12/postgresql-42.2.12.jar:/home/jonathan/.m2/repository/io/quarkus/quarkus-resteasy-jsonb/1.4.2.Final/quarkus-resteasy-jsonb-1.4.2.Final.jar:/home/jonathan/.m2/repository/io/quarkus/quarkus-jsonb/1.4.2.Final/quarkus-jsonb-1.4.2.Final.jar:/home/jonathan/.m2/repository/org/eclipse/yasson/1.0.7/yasson-1.0.7.jar:/home/jonathan/.m2/repository/io/quarkus/quarkus-jsonp/1.4.2.Final/quarkus-jsonp-1.4.2.Final.jar:/home/jonathan/.m2/repository/org/jboss/resteasy/resteasy-json-binding-provider/4.5.3.Final/resteasy-json-binding-provider-4.5.3.Final.jar:/home/jonathan/.m2/repository/org/glassfish/jakarta.json/1.1.6/jakarta.json-1.1.6.jar:/home/jonathan/.m2/repository/jakarta/json/bind/jakarta.json.bind-api/1.0.2/jakarta.json.bind-api-1.0.2.jar:/home/jonathan/.m2/repository/org/jboss/resteasy/resteasy-json-p-provider/4.5.3.Final/resteasy-json-p-provider-4.5.3.Final.jar:/home/jonathan/.m2/repository/commons-io/commons-io/2.6/commons-io-2.6.jar:/home/jonathan/.m2/repository/io/quarkus/quarkus-junit5/1.4.2.Final/quarkus-junit5-1.4.2.Final.jar:/home/jonathan/.m2/repository/io/quarkus/quarkus-bootstrap-core/1.4.2.Final/quarkus-bootstrap-core-1.4.2.Final.jar:/home/jonathan/.m2/repository/org/ow2/asm/asm/7.3.1/asm-7.3.1.jar:/home/jonathan/.m2/repository/org/apache/maven/maven-embedder/3.6.3/maven-embedder-3.6.3.jar:/home/jonathan/.m2/repository/org/apache/maven/maven-settings/3.6.3/maven-settings-3.6.3.jar:/home/jonathan/.m2/repository/org/apache/maven/maven-core/3.6.3/maven-core-3.6.3.jar:/home/jonathan/.m2/repository/org/apache/maven/maven-artifact/3.6.2/maven-artifact-3.6.2.jar:/home/jonathan/.m2/repository/org/codehaus/plexus/plexus-component-annotations/2.1.0/plexus-component-annotations-2.1.0.jar:/home/jonathan/.m2/repository/org/apache/maven/maven-plugin-api/3.6.3/maven-plugin-api-3.6.3.jar:/home/jonathan/.m2/repository/org/apache/maven/maven-model/3.6.3/maven-model-3.6.3.jar:/home/jonathan/.m2/repository/org/apache/maven/maven-model-builder/3.6.3/maven-model-builder-3.6.3.jar:/home/jonathan/.m2/repository/org/apache/maven/maven-builder-support/3.6.3/maven-builder-support-3.6.3.jar:/home/jonathan/.m2/repository/org/apache/maven/resolver/maven-resolver-api/1.4.1/maven-resolver-api-1.4.1.jar:/home/jonathan/.m2/repository/org/apache/maven/resolver/maven-resolver-util/1.4.1/maven-resolver-util-1.4.1.jar:/home/jonathan/.m2/repository/org/apache/maven/shared/maven-shared-utils/3.2.1/maven-shared-utils-3.2.1.jar:/home/jonathan/.m2/repository/com/google/inject/guice/4.2.1/guice-4.2.1-no_aop.jar:/home/jonathan/.m2/repository/com/google/guava/guava/27.0.1-jre/guava-27.0.1-jre.jar:/home/jonathan/.m2/repository/com/google/guava/failureaccess/1.0.1/failureaccess-1.0.1.jar:/home/jonathan/.m2/repository/com/google/guava/listenablefuture/9999.0-empty-to-avoid-conflict-with-guava/listenablefuture-9999.0-empty-to-avoid-conflict-with-guava.jar:/home/jonathan/.m2/repository/org/codehaus/plexus/plexus-utils/3.2.1/plexus-utils-3.2.1.jar:/home/jonathan/.m2/repository/org/eclipse/sisu/org.eclipse.sisu.plexus/0.3.4/org.eclipse.sisu.plexus-0.3.4.jar:/home/jonathan/.m2/repository/commons-cli/commons-cli/1.4/commons-cli-1.4.jar:/home/jonathan/.m2/repository/org/apache/maven/maven-settings-builder/3.6.3/maven-settings-builder-3.6.3.jar:/home/jonathan/.m2/repository/org/codehaus/plexus/plexus-interpolation/1.25/plexus-interpolation-1.25.jar:/home/jonathan/.m2/repository/org/sonatype/plexus/plexus-sec-dispatcher/1.4/plexus-sec-dispatcher-1.4.jar:/home/jonathan/.m2/repository/org/sonatype/plexus/plexus-cipher/1.4/plexus-cipher-1.4.jar:/home/jonathan/.m2/repository/org/apache/maven/maven-resolver-provider/3.6.3/maven-resolver-provider-3.6.3.jar:/home/jonathan/.m2/repository/org/apache/maven/maven-repository-metadata/3.6.3/maven-repository-metadata-3.6.3.jar:/home/jonathan/.m2/repository/org/apache/maven/resolver/maven-resolver-spi/1.4.1/maven-resolver-spi-1.4.1.jar:/home/jonathan/.m2/repository/org/apache/maven/resolver/maven-resolver-impl/1.4.1/maven-resolver-impl-1.4.1.jar:/home/jonathan/.m2/repository/org/apache/maven/resolver/maven-resolver-connector-basic/1.4.1/maven-resolver-connector-basic-1.4.1.jar:/home/jonathan/.m2/repository/org/apache/maven/resolver/maven-resolver-transport-wagon/1.4.1/maven-resolver-transport-wagon-1.4.1.jar:/home/jonathan/.m2/repository/org/apache/maven/wagon/wagon-http/3.3.4/wagon-http-3.3.4.jar:/home/jonathan/.m2/repository/org/apache/maven/wagon/wagon-http-shared/3.3.4/wagon-http-shared-3.3.4.jar:/home/jonathan/.m2/repository/org/jsoup/jsoup/1.12.1/jsoup-1.12.1.jar:/home/jonathan/.m2/repository/org/apache/maven/wagon/wagon-provider-api/3.3.4/wagon-provider-api-3.3.4.jar:/home/jonathan/.m2/repository/org/apache/maven/wagon/wagon-file/3.3.4/wagon-file-3.3.4.jar:/home/jonathan/.m2/repository/org/jboss/logging/commons-logging-jboss-logging/1.0.0.Final/commons-logging-jboss-logging-1.0.0.Final.jar:/home/jonathan/.m2/repository/io/quarkus/quarkus-test-common/1.4.2.Final/quarkus-test-common-1.4.2.Final.jar:/home/jonathan/.m2/repository/io/quarkus/quarkus-core-deployment/1.4.2.Final/quarkus-core-deployment-1.4.2.Final.jar:/home/jonathan/.m2/repository/io/quarkus/gizmo/gizmo/1.0.2.Final/gizmo-1.0.2.Final.jar:/home/jonathan/.m2/repository/org/ow2/asm/asm-util/7.3.1/asm-util-7.3.1.jar:/home/jonathan/.m2/repository/org/ow2/asm/asm-tree/7.3.1/asm-tree-7.3.1.jar:/home/jonathan/.m2/repository/org/ow2/asm/asm-analysis/7.3.1/asm-analysis-7.3.1.jar:/home/jonathan/.m2/repository/io/quarkus/quarkus-builder/1.4.2.Final/quarkus-builder-1.4.2.Final.jar:/home/jonathan/.m2/repository/io/quarkus/quarkus-jsonp-deployment/1.4.2.Final/quarkus-jsonp-deployment-1.4.2.Final.jar:/home/jonathan/.m2/repository/org/jboss/jandex/2.1.3.Final/jandex-2.1.3.Final.jar:/home/jonathan/.m2/repository/org/junit/jupiter/junit-jupiter/5.6.2/junit-jupiter-5.6.2.jar:/home/jonathan/.m2/repository/org/junit/jupiter/junit-jupiter-api/5.6.2/junit-jupiter-api-5.6.2.jar:/home/jonathan/.m2/repository/org/apiguardian/apiguardian-api/1.1.0/apiguardian-api-1.1.0.jar:/home/jonathan/.m2/repository/org/opentest4j/opentest4j/1.2.0/opentest4j-1.2.0.jar:/home/jonathan/.m2/repository/org/junit/platform/junit-platform-commons/1.6.2/junit-platform-commons-1.6.2.jar:/home/jonathan/.m2/repository/org/junit/jupiter/junit-jupiter-params/5.6.2/junit-jupiter-params-5.6.2.jar:/home/jonathan/.m2/repository/org/junit/jupiter/junit-jupiter-engine/5.6.2/junit-jupiter-engine-5.6.2.jar:/home/jonathan/.m2/repository/org/junit/platform/junit-platform-engine/1.6.2/junit-platform-engine-1.6.2.jar:/home/jonathan/.m2/repository/io/rest-assured/rest-assured/4.3.0/rest-assured-4.3.0.jar:/home/jonathan/.m2/repository/org/codehaus/groovy/groovy/3.0.2/groovy-3.0.2.jar:/home/jonathan/.m2/repository/org/codehaus/groovy/groovy-xml/3.0.2/groovy-xml-3.0.2.jar:/home/jonathan/.m2/repository/org/apache/httpcomponents/httpclient/4.5.12/httpclient-4.5.12.jar:/home/jonathan/.m2/repository/org/apache/httpcomponents/httpcore/4.4.13/httpcore-4.4.13.jar:/home/jonathan/.m2/repository/commons-codec/commons-codec/1.13/commons-codec-1.13.jar:/home/jonathan/.m2/repository/org/apache/httpcomponents/httpmime/4.5.3/httpmime-4.5.3.jar:/home/jonathan/.m2/repository/org/hamcrest/hamcrest/2.1/hamcrest-2.1.jar:/home/jonathan/.m2/repository/org/ccil/cowan/tagsoup/tagsoup/1.2.1/tagsoup-1.2.1.jar:/home/jonathan/.m2/repository/io/rest-assured/json-path/4.3.0/json-path-4.3.0.jar:/home/jonathan/.m2/repository/org/codehaus/groovy/groovy-json/3.0.2/groovy-json-3.0.2.jar:/home/jonathan/.m2/repository/io/rest-assured/rest-assured-common/4.3.0/rest-assured-common-4.3.0.jar:/home/jonathan/.m2/repository/io/rest-assured/xml-path/4.3.0/xml-path-4.3.0.jar:/home/jonathan/.m2/repository/org/apache/commons/commons-lang3/3.9/commons-lang3-3.9.jar:/home/jonathan/.m2/repository/jakarta/xml/bind/jakarta.xml.bind-api/2.3.2/jakarta.xml.bind-api-2.3.2.jar:/home/jonathan/.m2/repository/jakarta/activation/jakarta.activation-api/1.2.1/jakarta.activation-api-1.2.1.jar:/home/jonathan/.m2/repository/org/apache/sling/org.apache.sling.javax.activation/0.1.0/org.apache.sling.javax.activation-0.1.0.jar:"/>
    <property name="java.vm.vendor" value="Amazon.com Inc."/>
    <property name="sun.arch.data.model" value="64"/>
    <property name="java.vendor.url" value="https://aws.amazon.com/corretto/"/>
    <property name="user.timezone" value=""/>
    <property name="java.vm.specification.version" value="11"/>
    <property name="os.name" value="Linux"/>
    <property name="sun.java.launcher" value="SUN_STANDARD"/>
    <property name="user.country" value="BR"/>
    <property name="sun.boot.library.path" value="/home/jonathan/.jdks/corretto-11.0.16/lib"/>
    <property name="sun.java.command" value="/home/jonathan/PROJETOS/quarkus-no-heroku/quarkus-product-master/target/surefire/surefirebooter1549945105439002898.jar /home/jonathan/PROJETOS/quarkus-no-heroku/quarkus-product-master/target/surefire 2023-01-23T21-19-53_724-jvmRun1 surefire4140112783856189070tmp surefire_04112987095136825905tmp"/>
    <property name="jdk.debug" value="release"/>
    <property name="surefire.test.class.path" value="/home/jonathan/PROJETOS/quarkus-no-heroku/quarkus-product-master/target/test-classes:/home/jonathan/PROJETOS/quarkus-no-heroku/quarkus-product-master/target/classes:/home/jonathan/.m2/repository/io/quarkus/quarkus-resteasy/1.4.2.Final/quarkus-resteasy-1.4.2.Final.jar:/home/jonathan/.m2/repository/io/quarkus/quarkus-vertx-http/1.4.2.Final/quarkus-vertx-http-1.4.2.Final.jar:/home/jonathan/.m2/repository/io/quarkus/quarkus-development-mode-spi/1.4.2.Final/quarkus-development-mode-spi-1.4.2.Final.jar:/home/jonathan/.m2/repository/io/quarkus/security/quarkus-security/1.1.0.Final/quarkus-security-1.1.0.Final.jar:/home/jonathan/.m2/repository/io/smallrye/reactive/mutiny/0.4.4/mutiny-0.4.4.jar:/home/jonathan/.m2/repository/org/reactivestreams/reactive-streams/1.0.3/reactive-streams-1.0.3.jar:/home/jonathan/.m2/repository/jakarta/enterprise/jakarta.enterprise.cdi-api/2.0.2/jakarta.enterprise.cdi-api-2.0.2.jar:/home/jonathan/.m2/repository/jakarta/el/jakarta.el-api/3.0.3/jakarta.el-api-3.0.3.jar:/home/jonathan/.m2/repository/jakarta/interceptor/jakarta.interceptor-api/1.2.5/jakarta.interceptor-api-1.2.5.jar:/home/jonathan/.m2/repository/io/quarkus/quarkus-vertx-core/1.4.2.Final/quarkus-vertx-core-1.4.2.Final.jar:/home/jonathan/.m2/repository/io/quarkus/quarkus-netty/1.4.2.Final/quarkus-netty-1.4.2.Final.jar:/home/jonathan/.m2/repository/io/netty/netty-codec/4.1.45.Final/netty-codec-4.1.45.Final.jar:/home/jonathan/.m2/repository/io/netty/netty-handler/4.1.45.Final/netty-handler-4.1.45.Final.jar:/home/jonathan/.m2/repository/io/vertx/vertx-core/3.8.5/vertx-core-3.8.5.jar:/home/jonathan/.m2/repository/io/netty/netty-common/4.1.45.Final/netty-common-4.1.45.Final.jar:/home/jonathan/.m2/repository/io/netty/netty-buffer/4.1.45.Final/netty-buffer-4.1.45.Final.jar:/home/jonathan/.m2/repository/io/netty/netty-transport/4.1.45.Final/netty-transport-4.1.45.Final.jar:/home/jonathan/.m2/repository/io/netty/netty-handler-proxy/4.1.45.Final/netty-handler-proxy-4.1.45.Final.jar:/home/jonathan/.m2/repository/io/netty/netty-codec-socks/4.1.45.Final/netty-codec-socks-4.1.45.Final.jar:/home/jonathan/.m2/repository/io/netty/netty-codec-http/4.1.45.Final/netty-codec-http-4.1.45.Final.jar:/home/jonathan/.m2/repository/io/netty/netty-codec-http2/4.1.45.Final/netty-codec-http2-4.1.45.Final.jar:/home/jonathan/.m2/repository/io/netty/netty-resolver/4.1.45.Final/netty-resolver-4.1.45.Final.jar:/home/jonathan/.m2/repository/io/netty/netty-resolver-dns/4.1.45.Final/netty-resolver-dns-4.1.45.Final.jar:/home/jonathan/.m2/repository/io/netty/netty-codec-dns/4.1.45.Final/netty-codec-dns-4.1.45.Final.jar:/home/jonathan/.m2/repository/com/fasterxml/jackson/core/jackson-core/2.10.3/jackson-core-2.10.3.jar:/home/jonathan/.m2/repository/io/vertx/vertx-web/3.8.5/vertx-web-3.8.5.jar:/home/jonathan/.m2/repository/io/vertx/vertx-web-common/3.8.5/vertx-web-common-3.8.5.jar:/home/jonathan/.m2/repository/io/vertx/vertx-auth-common/3.8.5/vertx-auth-common-3.8.5.jar:/home/jonathan/.m2/repository/io/vertx/vertx-bridge-common/3.8.5/vertx-bridge-common-3.8.5.jar:/home/jonathan/.m2/repository/io/quarkus/quarkus-resteasy-server-common/1.4.2.Final/quarkus-resteasy-server-common-1.4.2.Final.jar:/home/jonathan/.m2/repository/io/quarkus/quarkus-resteasy-common/1.4.2.Final/quarkus-resteasy-common-1.4.2.Final.jar:/home/jonathan/.m2/repository/org/jboss/resteasy/resteasy-core/4.5.3.Final/resteasy-core-4.5.3.Final.jar:/home/jonathan/.m2/repository/org/jboss/spec/javax/ws/rs/jboss-jaxrs-api_2.1_spec/2.0.1.Final/jboss-jaxrs-api_2.1_spec-2.0.1.Final.jar:/home/jonathan/.m2/repository/org/jboss/resteasy/resteasy-core-spi/4.5.3.Final/resteasy-core-spi-4.5.3.Final.jar:/home/jonathan/.m2/repository/org/eclipse/microprofile/config/microprofile-config-api/1.4/microprofile-config-api-1.4.jar:/home/jonathan/.m2/repository/com/sun/activation/jakarta.activation/1.2.1/jakarta.activation-1.2.1.jar:/home/jonathan/.m2/repository/jakarta/validation/jakarta.validation-api/2.0.2/jakarta.validation-api-2.0.2.jar:/home/jonathan/.m2/repository/io/quarkus/quarkus-hibernate-orm-panache/1.4.2.Final/quarkus-hibernate-orm-panache-1.4.2.Final.jar:/home/jonathan/.m2/repository/io/quarkus/quarkus-core/1.4.2.Final/quarkus-core-1.4.2.Final.jar:/home/jonathan/.m2/repository/jakarta/annotation/jakarta.annotation-api/1.3.5/jakarta.annotation-api-1.3.5.jar:/home/jonathan/.m2/repository/jakarta/inject/jakarta.inject-api/1.0/jakarta.inject-api-1.0.jar:/home/jonathan/.m2/repository/io/quarkus/quarkus-ide-launcher/1.4.2.Final/quarkus-ide-launcher-1.4.2.Final.jar:/home/jonathan/.m2/repository/io/smallrye/config/smallrye-config/1.7.0/smallrye-config-1.7.0.jar:/home/jonathan/.m2/repository/io/smallrye/config/smallrye-config-common/1.7.0/smallrye-config-common-1.7.0.jar:/home/jonathan/.m2/repository/org/jboss/logging/jboss-logging/3.3.2.Final/jboss-logging-3.3.2.Final.jar:/home/jonathan/.m2/repository/org/jboss/logmanager/jboss-logmanager-embedded/1.0.4/jboss-logmanager-embedded-1.0.4.jar:/home/jonathan/.m2/repository/org/jboss/logging/jboss-logging-annotations/2.1.0.Final/jboss-logging-annotations-2.1.0.Final.jar:/home/jonathan/.m2/repository/org/jboss/threads/jboss-threads/3.1.1.Final/jboss-threads-3.1.1.Final.jar:/home/jonathan/.m2/repository/org/slf4j/slf4j-api/1.7.30/slf4j-api-1.7.30.jar:/home/jonathan/.m2/repository/org/jboss/slf4j/slf4j-jboss-logging/1.2.0.Final/slf4j-jboss-logging-1.2.0.Final.jar:/home/jonathan/.m2/repository/org/graalvm/sdk/graal-sdk/19.3.1/graal-sdk-19.3.1.jar:/home/jonathan/.m2/repository/org/wildfly/common/wildfly-common/1.5.4.Final-format-001/wildfly-common-1.5.4.Final-format-001.jar:/home/jonathan/.m2/repository/io/quarkus/quarkus-hibernate-orm/1.4.2.Final/quarkus-hibernate-orm-1.4.2.Final.jar:/home/jonathan/.m2/repository/io/quarkus/quarkus-agroal/1.4.2.Final/quarkus-agroal-1.4.2.Final.jar:/home/jonathan/.m2/repository/io/quarkus/quarkus-datasource/1.4.2.Final/quarkus-datasource-1.4.2.Final.jar:/home/jonathan/.m2/repository/io/quarkus/quarkus-datasource-common/1.4.2.Final/quarkus-datasource-common-1.4.2.Final.jar:/home/jonathan/.m2/repository/org/jboss/narayana/jta/narayana-jta/5.10.4.Final/narayana-jta-5.10.4.Final.jar:/home/jonathan/.m2/repository/org/jboss/jboss-transaction-spi/7.6.0.Final/jboss-transaction-spi-7.6.0.Final.jar:/home/jonathan/.m2/repository/org/jboss/spec/javax/resource/jboss-connector-api_1.7_spec/1.0.0.Final/jboss-connector-api_1.7_spec-1.0.0.Final.jar:/home/jonathan/.m2/repository/org/jboss/narayana/jts/narayana-jts-integration/5.10.4.Final/narayana-jts-integration-5.10.4.Final.jar:/home/jonathan/.m2/repository/io/agroal/agroal-api/1.7/agroal-api-1.7.jar:/home/jonathan/.m2/repository/io/agroal/agroal-narayana/1.7/agroal-narayana-1.7.jar:/home/jonathan/.m2/repository/io/agroal/agroal-pool/1.7/agroal-pool-1.7.jar:/home/jonathan/.m2/repository/io/quarkus/quarkus-vault-spi/1.4.2.Final/quarkus-vault-spi-1.4.2.Final.jar:/home/jonathan/.m2/repository/io/quarkus/quarkus-narayana-jta/1.4.2.Final/quarkus-narayana-jta-1.4.2.Final.jar:/home/jonathan/.m2/repository/io/smallrye/reactive/smallrye-reactive-streams-operators/1.0.10/smallrye-reactive-streams-operators-1.0.10.jar:/home/jonathan/.m2/repository/org/eclipse/microprofile/reactive-streams-operators/microprofile-reactive-streams-operators-api/1.0.1/microprofile-reactive-streams-operators-api-1.0.1.jar:/home/jonathan/.m2/repository/org/eclipse/microprofile/reactive-streams-operators/microprofile-reactive-streams-operators-core/1.0.1/microprofile-reactive-streams-operators-core-1.0.1.jar:/home/jonathan/.m2/repository/io/reactivex/rxjava2/rxjava/2.2.19/rxjava-2.2.19.jar:/home/jonathan/.m2/repository/io/smallrye/smallrye-context-propagation-jta/1.0.11/smallrye-context-propagation-jta-1.0.11.jar:/home/jonathan/.m2/repository/io/smallrye/reactive/smallrye-reactive-converter-api/1.0.10/smallrye-reactive-converter-api-1.0.10.jar:/home/jonathan/.m2/repository/org/hibernate/hibernate-core/5.4.14.Final/hibernate-core-5.4.14.Final.jar:/home/jonathan/.m2/repository/net/bytebuddy/byte-buddy/1.10.7/byte-buddy-1.10.7.jar:/home/jonathan/.m2/repository/antlr/antlr/2.7.7/antlr-2.7.7.jar:/home/jonathan/.m2/repository/org/dom4j/dom4j/2.1.1/dom4j-2.1.1.jar:/home/jonathan/.m2/repository/org/hibernate/common/hibernate-commons-annotations/5.1.0.Final/hibernate-commons-annotations-5.1.0.Final.jar:/home/jonathan/.m2/repository/org/hibernate/hibernate-graalvm/5.4.14.Final/hibernate-graalvm-5.4.14.Final.jar:/home/jonathan/.m2/repository/org/glassfish/jaxb/jaxb-runtime/2.3.3-b02/jaxb-runtime-2.3.3-b02.jar:/home/jonathan/.m2/repository/org/glassfish/jaxb/txw2/2.3.3-b02/txw2-2.3.3-b02.jar:/home/jonathan/.m2/repository/com/sun/istack/istack-commons-runtime/3.0.10/istack-commons-runtime-3.0.10.jar:/home/jonathan/.m2/repository/org/jboss/spec/javax/xml/bind/jboss-jaxb-api_2.3_spec/2.0.0.Final/jboss-jaxb-api_2.3_spec-2.0.0.Final.jar:/home/jonathan/.m2/repository/jakarta/persistence/jakarta.persistence-api/2.2.3/jakarta.persistence-api-2.2.3.jar:/home/jonathan/.m2/repository/jakarta/transaction/jakarta.transaction-api/1.3.3/jakarta.transaction-api-1.3.3.jar:/home/jonathan/.m2/repository/org/hibernate/quarkus-local-cache/0.1.0/quarkus-local-cache-0.1.0.jar:/home/jonathan/.m2/repository/com/github/ben-manes/caffeine/caffeine/2.8.0/caffeine-2.8.0.jar:/home/jonathan/.m2/repository/com/google/errorprone/error_prone_annotations/2.2.0/error_prone_annotations-2.2.0.jar:/home/jonathan/.m2/repository/io/quarkus/quarkus-caffeine/1.4.2.Final/quarkus-caffeine-1.4.2.Final.jar:/home/jonathan/.m2/repository/io/quarkus/quarkus-arc/1.4.2.Final/quarkus-arc-1.4.2.Final.jar:/home/jonathan/.m2/repository/io/quarkus/arc/arc/1.4.2.Final/arc-1.4.2.Final.jar:/home/jonathan/.m2/repository/org/eclipse/microprofile/context-propagation/microprofile-context-propagation-api/1.0.1/microprofile-context-propagation-api-1.0.1.jar:/home/jonathan/.m2/repository/io/quarkus/quarkus-panache-common/1.4.2.Final/quarkus-panache-common-1.4.2.Final.jar:/home/jonathan/.m2/repository/io/quarkus/quarkus-hibernate-validator/1.4.2.Final/quarkus-hibernate-validator-1.4.2.Final.jar:/home/jonathan/.m2/repository/org/hibernate/validator/hibernate-validator/6.1.4.Final/hibernate-validator-6.1.4.Final.jar:/home/jonathan/.m2/repository/com/fasterxml/classmate/1.3.4/classmate-1.3.4.jar:/home/jonathan/.m2/repository/org/glassfish/jakarta.el/3.0.3/jakarta.el-3.0.3.jar:/home/jonathan/.m2/repository/io/quarkus/quarkus-jdbc-postgresql/1.4.2.Final/quarkus-jdbc-postgresql-1.4.2.Final.jar:/home/jonathan/.m2/repository/org/postgresql/postgresql/42.2.12/postgresql-42.2.12.jar:/home/jonathan/.m2/repository/io/quarkus/quarkus-resteasy-jsonb/1.4.2.Final/quarkus-resteasy-jsonb-1.4.2.Final.jar:/home/jonathan/.m2/repository/io/quarkus/quarkus-jsonb/1.4.2.Final/quarkus-jsonb-1.4.2.Final.jar:/home/jonathan/.m2/repository/org/eclipse/yasson/1.0.7/yasson-1.0.7.jar:/home/jonathan/.m2/repository/io/quarkus/quarkus-jsonp/1.4.2.Final/quarkus-jsonp-1.4.2.Final.jar:/home/jonathan/.m2/repository/org/jboss/resteasy/resteasy-json-binding-provider/4.5.3.Final/resteasy-json-binding-provider-4.5.3.Final.jar:/home/jonathan/.m2/repository/org/glassfish/jakarta.json/1.1.6/jakarta.json-1.1.6.jar:/home/jonathan/.m2/repository/jakarta/json/bind/jakarta.json.bind-api/1.0.2/jakarta.json.bind-api-1.0.2.jar:/home/jonathan/.m2/repository/org/jboss/resteasy/resteasy-json-p-provider/4.5.3.Final/resteasy-json-p-provider-4.5.3.Final.jar:/home/jonathan/.m2/repository/commons-io/commons-io/2.6/commons-io-2.6.jar:/home/jonathan/.m2/repository/io/quarkus/quarkus-junit5/1.4.2.Final/quarkus-junit5-1.4.2.Final.jar:/home/jonathan/.m2/repository/io/quarkus/quarkus-bootstrap-core/1.4.2.Final/quarkus-bootstrap-core-1.4.2.Final.jar:/home/jonathan/.m2/repository/org/ow2/asm/asm/7.3.1/asm-7.3.1.jar:/home/jonathan/.m2/repository/org/apache/maven/maven-embedder/3.6.3/maven-embedder-3.6.3.jar:/home/jonathan/.m2/repository/org/apache/maven/maven-settings/3.6.3/maven-settings-3.6.3.jar:/home/jonathan/.m2/repository/org/apache/maven/maven-core/3.6.3/maven-core-3.6.3.jar:/home/jonathan/.m2/repository/org/apache/maven/maven-artifact/3.6.2/maven-artifact-3.6.2.jar:/home/jonathan/.m2/repository/org/codehaus/plexus/plexus-component-annotations/2.1.0/plexus-component-annotations-2.1.0.jar:/home/jonathan/.m2/repository/org/apache/maven/maven-plugin-api/3.6.3/maven-plugin-api-3.6.3.jar:/home/jonathan/.m2/repository/org/apache/maven/maven-model/3.6.3/maven-model-3.6.3.jar:/home/jonathan/.m2/repository/org/apache/maven/maven-model-builder/3.6.3/maven-model-builder-3.6.3.jar:/home/jonathan/.m2/repository/org/apache/maven/maven-builder-support/3.6.3/maven-builder-support-3.6.3.jar:/home/jonathan/.m2/repository/org/apache/maven/resolver/maven-resolver-api/1.4.1/maven-resolver-api-1.4.1.jar:/home/jonathan/.m2/repository/org/apache/maven/resolver/maven-resolver-util/1.4.1/maven-resolver-util-1.4.1.jar:/home/jonathan/.m2/repository/org/apache/maven/shared/maven-shared-utils/3.2.1/maven-shared-utils-3.2.1.jar:/home/jonathan/.m2/repository/com/google/inject/guice/4.2.1/guice-4.2.1-no_aop.jar:/home/jonathan/.m2/repository/com/google/guava/guava/27.0.1-jre/guava-27.0.1-jre.jar:/home/jonathan/.m2/repository/com/google/guava/failureaccess/1.0.1/failureaccess-1.0.1.jar:/home/jonathan/.m2/repository/com/google/guava/listenablefuture/9999.0-empty-to-avoid-conflict-with-guava/listenablefuture-9999.0-empty-to-avoid-conflict-with-guava.jar:/home/jonathan/.m2/repository/org/codehaus/plexus/plexus-utils/3.2.1/plexus-utils-3.2.1.jar:/home/jonathan/.m2/repository/org/eclipse/sisu/org.eclipse.sisu.plexus/0.3.4/org.eclipse.sisu.plexus-0.3.4.jar:/home/jonathan/.m2/repository/commons-cli/commons-cli/1.4/commons-cli-1.4.jar:/home/jonathan/.m2/repository/org/apache/maven/maven-settings-builder/3.6.3/maven-settings-builder-3.6.3.jar:/home/jonathan/.m2/repository/org/codehaus/plexus/plexus-interpolation/1.25/plexus-interpolation-1.25.jar:/home/jonathan/.m2/repository/org/sonatype/plexus/plexus-sec-dispatcher/1.4/plexus-sec-dispatcher-1.4.jar:/home/jonathan/.m2/repository/org/sonatype/plexus/plexus-cipher/1.4/plexus-cipher-1.4.jar:/home/jonathan/.m2/repository/org/apache/maven/maven-resolver-provider/3.6.3/maven-resolver-provider-3.6.3.jar:/home/jonathan/.m2/repository/org/apache/maven/maven-repository-metadata/3.6.3/maven-repository-metadata-3.6.3.jar:/home/jonathan/.m2/repository/org/apache/maven/resolver/maven-resolver-spi/1.4.1/maven-resolver-spi-1.4.1.jar:/home/jonathan/.m2/repository/org/apache/maven/resolver/maven-resolver-impl/1.4.1/maven-resolver-impl-1.4.1.jar:/home/jonathan/.m2/repository/org/apache/maven/resolver/maven-resolver-connector-basic/1.4.1/maven-resolver-connector-basic-1.4.1.jar:/home/jonathan/.m2/repository/org/apache/maven/resolver/maven-resolver-transport-wagon/1.4.1/maven-resolver-transport-wagon-1.4.1.jar:/home/jonathan/.m2/repository/org/apache/maven/wagon/wagon-http/3.3.4/wagon-http-3.3.4.jar:/home/jonathan/.m2/repository/org/apache/maven/wagon/wagon-http-shared/3.3.4/wagon-http-shared-3.3.4.jar:/home/jonathan/.m2/repository/org/jsoup/jsoup/1.12.1/jsoup-1.12.1.jar:/home/jonathan/.m2/repository/org/apache/maven/wagon/wagon-provider-api/3.3.4/wagon-provider-api-3.3.4.jar:/home/jonathan/.m2/repository/org/apache/maven/wagon/wagon-file/3.3.4/wagon-file-3.3.4.jar:/home/jonathan/.m2/repository/org/jboss/logging/commons-logging-jboss-logging/1.0.0.Final/commons-logging-jboss-logging-1.0.0.Final.jar:/home/jonathan/.m2/repository/io/quarkus/quarkus-test-common/1.4.2.Final/quarkus-test-common-1.4.2.Final.jar:/home/jonathan/.m2/repository/io/quarkus/quarkus-core-deployment/1.4.2.Final/quarkus-core-deployment-1.4.2.Final.jar:/home/jonathan/.m2/repository/io/quarkus/gizmo/gizmo/1.0.2.Final/gizmo-1.0.2.Final.jar:/home/jonathan/.m2/repository/org/ow2/asm/asm-util/7.3.1/asm-util-7.3.1.jar:/home/jonathan/.m2/repository/org/ow2/asm/asm-tree/7.3.1/asm-tree-7.3.1.jar:/home/jonathan/.m2/repository/org/ow2/asm/asm-analysis/7.3.1/asm-analysis-7.3.1.jar:/home/jonathan/.m2/repository/io/quarkus/quarkus-builder/1.4.2.Final/quarkus-builder-1.4.2.Final.jar:/home/jonathan/.m2/repository/io/quarkus/quarkus-jsonp-deployment/1.4.2.Final/quarkus-jsonp-deployment-1.4.2.Final.jar:/home/jonathan/.m2/repository/org/jboss/jandex/2.1.3.Final/jandex-2.1.3.Final.jar:/home/jonathan/.m2/repository/org/junit/jupiter/junit-jupiter/5.6.2/junit-jupiter-5.6.2.jar:/home/jonathan/.m2/repository/org/junit/jupiter/junit-jupiter-api/5.6.2/junit-jupiter-api-5.6.2.jar:/home/jonathan/.m2/repository/org/apiguardian/apiguardian-api/1.1.0/apiguardian-api-1.1.0.jar:/home/jonathan/.m2/repository/org/opentest4j/opentest4j/1.2.0/opentest4j-1.2.0.jar:/home/jonathan/.m2/repository/org/junit/platform/junit-platform-commons/1.6.2/junit-platform-commons-1.6.2.jar:/home/jonathan/.m2/repository/org/junit/jupiter/junit-jupiter-params/5.6.2/junit-jupiter-params-5.6.2.jar:/home/jonathan/.m2/repository/org/junit/jupiter/junit-jupiter-engine/5.6.2/junit-jupiter-engine-5.6.2.jar:/home/jonathan/.m2/repository/org/junit/platform/junit-platform-engine/1.6.2/junit-platform-engine-1.6.2.jar:/home/jonathan/.m2/repository/io/rest-assured/rest-assured/4.3.0/rest-assured-4.3.0.jar:/home/jonathan/.m2/repository/org/codehaus/groovy/groovy/3.0.2/groovy-3.0.2.jar:/home/jonathan/.m2/repository/org/codehaus/groovy/groovy-xml/3.0.2/groovy-xml-3.0.2.jar:/home/jonathan/.m2/repository/org/apache/httpcomponents/httpclient/4.5.12/httpclient-4.5.12.jar:/home/jonathan/.m2/repository/org/apache/httpcomponents/httpcore/4.4.13/httpcore-4.4.13.jar:/home/jonathan/.m2/repository/commons-codec/commons-codec/1.13/commons-codec-1.13.jar:/home/jonathan/.m2/repository/org/apache/httpcomponents/httpmime/4.5.3/httpmime-4.5.3.jar:/home/jonathan/.m2/repository/org/hamcrest/hamcrest/2.1/hamcrest-2.1.jar:/home/jonathan/.m2/repository/org/ccil/cowan/tagsoup/tagsoup/1.2.1/tagsoup-1.2.1.jar:/home/jonathan/.m2/repository/io/rest-assured/json-path/4.3.0/json-path-4.3.0.jar:/home/jonathan/.m2/repository/org/codehaus/groovy/groovy-json/3.0.2/groovy-json-3.0.2.jar:/home/jonathan/.m2/repository/io/rest-assured/rest-assured-common/4.3.0/rest-assured-common-4.3.0.jar:/home/jonathan/.m2/repository/io/rest-assured/xml-path/4.3.0/xml-path-4.3.0.jar:/home/jonathan/.m2/repository/org/apache/commons/commons-lang3/3.9/commons-lang3-3.9.jar:/home/jonathan/.m2/repository/jakarta/xml/bind/jakarta.xml.bind-api/2.3.2/jakarta.xml.bind-api-2.3.2.jar:/home/jonathan/.m2/repository/jakarta/activation/jakarta.activation-api/1.2.1/jakarta.activation-api-1.2.1.jar:/home/jonathan/.m2/repository/org/apache/sling/org.apache.sling.javax.activation/0.1.0/org.apache.sling.javax.activation-0.1.0.jar:"/>
    <property name="sun.cpu.endian" value="little"/>
    <property name="user.home" value="/home/jonathan"/>
    <property name="user.language" value="pt"/>
    <property name="java.specification.vendor" value="Oracle Corporation"/>
    <property name="java.version.date" value="2022-07-19"/>
    <property name="java.home" value="/home/jonathan/.jdks/corretto-11.0.16"/>
    <property name="file.separator" value="/"/>
    <property name="basedir" value="/home/jonathan/PROJETOS/quarkus-no-heroku/quarkus-product-master"/>
    <property name="java.vm.compressedOopsMode" value="Zero based"/>
    <property name="line.separator" value="&#10;"/>
    <property name="java.specification.name" value="Java Platform API Specification"/>
    <property name="java.vm.specification.vendor" value="Oracle Corporation"/>
    <property name="java.awt.graphicsenv" value="sun.awt.X11GraphicsEnvironment"/>
    <property name="surefire.real.class.path" value="/home/jonathan/PROJETOS/quarkus-no-heroku/quarkus-product-master/target/surefire/surefirebooter1549945105439002898.jar"/>
    <property name="sun.management.compiler" value="HotSpot 64-Bit Tiered Compilers"/>
    <property name="java.runtime.version" value="11.0.16+8-LTS"/>
    <property name="user.name" value="jonathan"/>
    <property name="path.separator" value=":"/>
    <property name="os.version" value="5.15.0-58-generic"/>
    <property name="java.runtime.name" value="OpenJDK Runtime Environment"/>
    <property name="file.encoding" value="UTF-8"/>
    <property name="java.vm.name" value="OpenJDK 64-Bit Server VM"/>
    <property name="java.vendor.version" value="Corretto-11.0.16.8.1"/>
    <property name="localRepository" value="/home/jonathan/.m2/repository"/>
    <property name="java.vendor.url.bug" value="https://github.com/corretto/corretto-11/issues/"/>
    <property name="java.io.tmpdir" value="/tmp"/>
    <property name="idea.version" value="2022.3.1"/>
    <property name="java.version" value="11.0.16"/>
    <property name="user.dir" value="/home/jonathan/PROJETOS/quarkus-no-heroku/quarkus-product-master"/>
    <property name="os.arch" value="amd64"/>
    <property name="java.vm.specification.name" value="Java Virtual Machine Specification"/>
    <property name="java.awt.printerjob" value="sun.print.PSPrinterJob"/>
    <property name="sun.os.patch.level" value="unknown"/>
    <property name="java.util.logging.manager" value="org.jboss.logmanager.LogManager"/>
    <property name="java.library.path" value="/usr/java/packages/lib:/usr/lib64:/lib64:/lib:/usr/lib"/>
    <property name="java.vm.info" value="mixed mode"/>
    <property name="java.vendor" value="Amazon.com Inc."/>
    <property name="java.vm.version" value="11.0.16+8-LTS"/>
    <property name="sun.io.unicode.encoding" value="UnicodeLittle"/>
    <property name="java.class.version" value="55.0"/>
  </properties>
  <testcase name="testHelloEndpoint" classname="br.com.mp.product.api.ProductResourceTest" time="0.012">
    <error message="java.lang.RuntimeException: io.quarkus.builder.BuildException: Build failure: Build failed due to errors&#10;	[error]: Build step io.quarkus.hibernate.orm.deployment.HibernateOrmProcessor#build threw an exception: io.quarkus.deployment.configuration.ConfigurationError: Hibernate extension cannot guess the dialect as no database kind is specified by &apos;quarkus.datasource.db-kind&apos;&#10;	at io.quarkus.hibernate.orm.deployment.HibernateOrmProcessor.guessDialect(HibernateOrmProcessor.java:857)&#10;	at io.quarkus.hibernate.orm.deployment.HibernateOrmProcessor.handleHibernateORMWithNoPersistenceXml(HibernateOrmProcessor.java:677)&#10;	at io.quarkus.hibernate.orm.deployment.HibernateOrmProcessor.build(HibernateOrmProcessor.java:237)&#10;	at java.base/jdk.internal.reflect.NativeMethodAccessorImpl.invoke0(Native Method)&#10;	at java.base/jdk.internal.reflect.NativeMethodAccessorImpl.invoke(NativeMethodAccessorImpl.java:62)&#10;	at java.base/jdk.internal.reflect.DelegatingMethodAccessorImpl.invoke(DelegatingMethodAccessorImpl.java:43)&#10;	at java.base/java.lang.reflect.Method.invoke(Method.java:566)&#10;	at io.quarkus.deployment.ExtensionLoader$2.execute(ExtensionLoader.java:931)&#10;	at io.quarkus.builder.BuildContext.run(BuildContext.java:277)&#10;	at org.jboss.threads.ContextClassLoaderSavingRunnable.run(ContextClassLoaderSavingRunnable.java:35)&#10;	at org.jboss.threads.EnhancedQueueExecutor.safeRun(EnhancedQueueExecutor.java:2046)&#10;	at org.jboss.threads.EnhancedQueueExecutor$ThreadBody.doRunTask(EnhancedQueueExecutor.java:1578)&#10;	at org.jboss.threads.EnhancedQueueExecutor$ThreadBody.run(EnhancedQueueExecutor.java:1452)&#10;	at java.base/java.lang.Thread.run(Thread.java:829)&#10;	at org.jboss.threads.JBossThread.run(JBossThread.java:479)&#10;" type="java.lang.RuntimeException">java.lang.RuntimeException: 
java.lang.RuntimeException: io.quarkus.builder.BuildException: Build failure: Build failed due to errors
	[error]: Build step io.quarkus.hibernate.orm.deployment.HibernateOrmProcessor#build threw an exception: io.quarkus.deployment.configuration.ConfigurationError: Hibernate extension cannot guess the dialect as no database kind is specified by 'quarkus.datasource.db-kind'
	at io.quarkus.hibernate.orm.deployment.HibernateOrmProcessor.guessDialect(HibernateOrmProcessor.java:857)
	at io.quarkus.hibernate.orm.deployment.HibernateOrmProcessor.handleHibernateORMWithNoPersistenceXml(HibernateOrmProcessor.java:677)
	at io.quarkus.hibernate.orm.deployment.HibernateOrmProcessor.build(HibernateOrmProcessor.java:237)
	at java.base/jdk.internal.reflect.NativeMethodAccessorImpl.invoke0(Native Method)
	at java.base/jdk.internal.reflect.NativeMethodAccessorImpl.invoke(NativeMethodAccessorImpl.java:62)
	at java.base/jdk.internal.reflect.DelegatingMethodAccessorImpl.invoke(DelegatingMethodAccessorImpl.java:43)
	at java.base/java.lang.reflect.Method.invoke(Method.java:566)
	at io.quarkus.deployment.ExtensionLoader$2.execute(ExtensionLoader.java:931)
	at io.quarkus.builder.BuildContext.run(BuildContext.java:277)
	at org.jboss.threads.ContextClassLoaderSavingRunnable.run(ContextClassLoaderSavingRunnable.java:35)
	at org.jboss.threads.EnhancedQueueExecutor.safeRun(EnhancedQueueExecutor.java:2046)
	at org.jboss.threads.EnhancedQueueExecutor$ThreadBody.doRunTask(EnhancedQueueExecutor.java:1578)
	at org.jboss.threads.EnhancedQueueExecutor$ThreadBody.run(EnhancedQueueExecutor.java:1452)
	at java.base/java.lang.Thread.run(Thread.java:829)
	at org.jboss.threads.JBossThread.run(JBossThread.java:479)

Caused by: java.lang.RuntimeException: 
io.quarkus.builder.BuildException: Build failure: Build failed due to errors
	[error]: Build step io.quarkus.hibernate.orm.deployment.HibernateOrmProcessor#build threw an exception: io.quarkus.deployment.configuration.ConfigurationError: Hibernate extension cannot guess the dialect as no database kind is specified by 'quarkus.datasource.db-kind'
	at io.quarkus.hibernate.orm.deployment.HibernateOrmProcessor.guessDialect(HibernateOrmProcessor.java:857)
	at io.quarkus.hibernate.orm.deployment.HibernateOrmProcessor.handleHibernateORMWithNoPersistenceXml(HibernateOrmProcessor.java:677)
	at io.quarkus.hibernate.orm.deployment.HibernateOrmProcessor.build(HibernateOrmProcessor.java:237)
	at java.base/jdk.internal.reflect.NativeMethodAccessorImpl.invoke0(Native Method)
	at java.base/jdk.internal.reflect.NativeMethodAccessorImpl.invoke(NativeMethodAccessorImpl.java:62)
	at java.base/jdk.internal.reflect.DelegatingMethodAccessorImpl.invoke(DelegatingMethodAccessorImpl.java:43)
	at java.base/java.lang.reflect.Method.invoke(Method.java:566)
	at io.quarkus.deployment.ExtensionLoader$2.execute(ExtensionLoader.java:931)
	at io.quarkus.builder.BuildContext.run(BuildContext.java:277)
	at org.jboss.threads.ContextClassLoaderSavingRunnable.run(ContextClassLoaderSavingRunnable.java:35)
	at org.jboss.threads.EnhancedQueueExecutor.safeRun(EnhancedQueueExecutor.java:2046)
	at org.jboss.threads.EnhancedQueueExecutor$ThreadBody.doRunTask(EnhancedQueueExecutor.java:1578)
	at org.jboss.threads.EnhancedQueueExecutor$ThreadBody.run(EnhancedQueueExecutor.java:1452)
	at java.base/java.lang.Thread.run(Thread.java:829)
	at org.jboss.threads.JBossThread.run(JBossThread.java:479)

Caused by: io.quarkus.builder.BuildException: 
Build failure: Build failed due to errors
	[error]: Build step io.quarkus.hibernate.orm.deployment.HibernateOrmProcessor#build threw an exception: io.quarkus.deployment.configuration.ConfigurationError: Hibernate extension cannot guess the dialect as no database kind is specified by 'quarkus.datasource.db-kind'
	at io.quarkus.hibernate.orm.deployment.HibernateOrmProcessor.guessDialect(HibernateOrmProcessor.java:857)
	at io.quarkus.hibernate.orm.deployment.HibernateOrmProcessor.handleHibernateORMWithNoPersistenceXml(HibernateOrmProcessor.java:677)
	at io.quarkus.hibernate.orm.deployment.HibernateOrmProcessor.build(HibernateOrmProcessor.java:237)
	at java.base/jdk.internal.reflect.NativeMethodAccessorImpl.invoke0(Native Method)
	at java.base/jdk.internal.reflect.NativeMethodAccessorImpl.invoke(NativeMethodAccessorImpl.java:62)
	at java.base/jdk.internal.reflect.DelegatingMethodAccessorImpl.invoke(DelegatingMethodAccessorImpl.java:43)
	at java.base/java.lang.reflect.Method.invoke(Method.java:566)
	at io.quarkus.deployment.ExtensionLoader$2.execute(ExtensionLoader.java:931)
	at io.quarkus.builder.BuildContext.run(BuildContext.java:277)
	at org.jboss.threads.ContextClassLoaderSavingRunnable.run(ContextClassLoaderSavingRunnable.java:35)
	at org.jboss.threads.EnhancedQueueExecutor.safeRun(EnhancedQueueExecutor.java:2046)
	at org.jboss.threads.EnhancedQueueExecutor$ThreadBody.doRunTask(EnhancedQueueExecutor.java:1578)
	at org.jboss.threads.EnhancedQueueExecutor$ThreadBody.run(EnhancedQueueExecutor.java:1452)
	at java.base/java.lang.Thread.run(Thread.java:829)
	at org.jboss.threads.JBossThread.run(JBossThread.java:479)

Caused by: io.quarkus.deployment.configuration.ConfigurationError: Hibernate extension cannot guess the dialect as no database kind is specified by 'quarkus.datasource.db-kind'
</error>
  </testcase>
</testsuite>